Using pre-set license
Built from '2021.3/staging' branch; Version is '2021.3.1f1 (3b70a0754835) revision 3895456'; Using compiler version '192829333'; Build Type 'Release'
OS: 'Windows 10  (10.0.19044) 64bit CoreSingleLanguage' Language: 'en' Physical Memory: 8116 MB
BatchMode: 1, IsHumanControllingUs: 0, StartBugReporterOnCrash: 0, Is64bit: 1, IsPro: 1

COMMAND LINE ARGUMENTS:
C:\Program Files\Unity\Hub\Editor\2021.3.1f1\Editor\Unity.exe
-adb2
-batchMode
-noUpm
-name
AssetImportWorker1
-projectPath
C:/Users/Canberk/Cutiple
-logFile
Logs/AssetImportWorker1.log
-srvPort
62578
Successfully changed project path to: C:/Users/Canberk/Cutiple
C:/Users/Canberk/Cutiple
[UnityMemory] Configuration Parameters - Can be set up in boot.config
    "memorysetup-bucket-allocator-granularity=16"
    "memorysetup-bucket-allocator-bucket-count=8"
    "memorysetup-bucket-allocator-block-size=33554432"
    "memorysetup-bucket-allocator-block-count=8"
    "memorysetup-main-allocator-block-size=16777216"
    "memorysetup-thread-allocator-block-size=16777216"
    "memorysetup-gfx-main-allocator-block-size=16777216"
    "memorysetup-gfx-thread-allocator-block-size=16777216"
    "memorysetup-cache-allocator-block-size=4194304"
    "memorysetup-typetree-allocator-block-size=2097152"
    "memorysetup-profiler-bucket-allocator-granularity=16"
    "memorysetup-profiler-bucket-allocator-bucket-count=8"
    "memorysetup-profiler-bucket-allocator-block-size=33554432"
    "memorysetup-profiler-bucket-allocator-block-count=8"
    "memorysetup-profiler-allocator-block-size=16777216"
    "memorysetup-profiler-editor-allocator-block-size=1048576"
    "memorysetup-temp-allocator-size-main=16777216"
    "memorysetup-job-temp-allocator-block-size=2097152"
    "memorysetup-job-temp-allocator-block-size-background=1048576"
    "memorysetup-job-temp-allocator-reduction-small-platforms=262144"
    "memorysetup-temp-allocator-size-background-worker=32768"
    "memorysetup-temp-allocator-size-job-worker=262144"
    "memorysetup-temp-allocator-size-preload-manager=33554432"
    "memorysetup-temp-allocator-size-nav-mesh-worker=65536"
    "memorysetup-temp-allocator-size-audio-worker=65536"
    "memorysetup-temp-allocator-size-cloud-worker=32768"
    "memorysetup-temp-allocator-size-gi-baking-worker=262144"
    "memorysetup-temp-allocator-size-gfx=262144"
Refreshing native plugins compatible for Editor in 180.77 ms, found 3 plugins.
Preloading 0 native plugins for Editor in 0.00 ms.
Initialize engine version: 2021.3.1f1 (3b70a0754835)
[Subsystems] Discovering subsystems at path C:/Program Files/Unity/Hub/Editor/2021.3.1f1/Editor/Data/Resources/UnitySubsystems
[Subsystems] Discovering subsystems at path C:/Users/Canberk/Cutiple/Assets
GfxDevice: creating device client; threaded=0; jobified=0
Direct3D:
    Version:  Direct3D 11.0 [level 11.0]
    Renderer: NVIDIA GeForce GT 820M (ID=0x1140)
    Vendor:   NVIDIA
    VRAM:     1999 MB
    Driver:   21.21.13.7667
Initialize mono
Mono path[0] = 'C:/Program Files/Unity/Hub/Editor/2021.3.1f1/Editor/Data/Managed'
Mono path[1] = 'C:/Program Files/Unity/Hub/Editor/2021.3.1f1/Editor/Data/MonoBleedingEdge/lib/mono/unityjit-win32'
Mono config path = 'C:/Program Files/Unity/Hub/Editor/2021.3.1f1/Editor/Data/MonoBleedingEdge/etc'
Using monoOptions --debugger-agent=transport=dt_socket,embedding=1,server=y,suspend=n,address=127.0.0.1:56304
Begin MonoManager ReloadAssembly
Registering precompiled unity dll's ...
Register platform support module: C:/Program Files/Unity/Hub/Editor/2021.3.1f1/Editor/Data/PlaybackEngines/WebGLSupport/UnityEditor.WebGL.Extensions.dll
Register platform support module: C:/Program Files/Unity/Hub/Editor/2021.3.1f1/Editor/Data/PlaybackEngines/WindowsStandaloneSupport/UnityEditor.WindowsStandalone.Extensions.dll
Registered in 0.020609 seconds.
Native extension for WindowsStandalone target not found
Native extension for WebGL target not found
Refreshing native plugins compatible for Editor in 183.39 ms, found 3 plugins.
Preloading 0 native plugins for Editor in 0.00 ms.
Mono: successfully reloaded assembly
- Completed reload, in  1.611 seconds
Domain Reload Profiling:
	ReloadAssembly (1612ms)
		BeginReloadAssembly (200ms)
			ExecutionOrderSort (0ms)
			DisableScriptedObjects (0ms)
			BackupInstance (0ms)
			ReleaseScriptingObjects (0ms)
			CreateAndSetChildDomain (2ms)
		EndReloadAssembly (1108ms)
			LoadAssemblies (193ms)
			RebuildTransferFunctionScriptingTraits (0ms)
			SetupTypeCache (279ms)
			ReleaseScriptCaches (0ms)
			RebuildScriptCaches (71ms)
			SetupLoadedEditorAssemblies (626ms)
				LogAssemblyErrors (0ms)
				InitializePlatformSupportModulesInManaged (22ms)
				SetLoadedEditorAssemblies (0ms)
				RefreshPlugins (184ms)
				BeforeProcessingInitializeOnLoad (3ms)
				ProcessInitializeOnLoadAttributes (300ms)
				ProcessInitializeOnLoadMethodAttributes (117ms)
				AfterProcessingInitializeOnLoad (0ms)
				EditorAssembliesLoaded (0ms)
			ExecutionOrderSort2 (0ms)
			AwakeInstancesAfterBackupRestoration (0ms)
Platform modules already initialized, skipping
Registering precompiled user dll's ...
Registered in 0.011727 seconds.
Begin MonoManager ReloadAssembly
Native extension for WindowsStandalone target not found
Native extension for WebGL target not found
Refreshing native plugins compatible for Editor in 1.26 ms, found 3 plugins.
Preloading 0 native plugins for Editor in 0.00 ms.
Mono: successfully reloaded assembly
- Completed reload, in  2.284 seconds
Domain Reload Profiling:
	ReloadAssembly (2286ms)
		BeginReloadAssembly (270ms)
			ExecutionOrderSort (0ms)
			DisableScriptedObjects (12ms)
			BackupInstance (0ms)
			ReleaseScriptingObjects (0ms)
			CreateAndSetChildDomain (40ms)
		EndReloadAssembly (1752ms)
			LoadAssemblies (223ms)
			RebuildTransferFunctionScriptingTraits (0ms)
			SetupTypeCache (599ms)
			ReleaseScriptCaches (1ms)
			RebuildScriptCaches (120ms)
			SetupLoadedEditorAssemblies (736ms)
				LogAssemblyErrors (0ms)
				InitializePlatformSupportModulesInManaged (17ms)
				SetLoadedEditorAssemblies (1ms)
				RefreshPlugins (1ms)
				BeforeProcessingInitializeOnLoad (176ms)
				ProcessInitializeOnLoadAttributes (473ms)
				ProcessInitializeOnLoadMethodAttributes (48ms)
				AfterProcessingInitializeOnLoad (20ms)
				EditorAssembliesLoaded (0ms)
			ExecutionOrderSort2 (0ms)
			AwakeInstancesAfterBackupRestoration (13ms)
Platform modules already initialized, skipping
========================================================================
Worker process is ready to serve import requests
Launched and connected shader compiler UnityShaderCompiler.exe after 0.24 seconds
Refreshing native plugins compatible for Editor in 1.26 ms, found 3 plugins.
Preloading 0 native plugins for Editor in 0.00 ms.
Unloading 3239 Unused Serialized files (Serialized files now loaded: 0)
Unloading 23 unused Assets / (112.4 KB). Loaded Objects now: 3711.
Memory consumption went from 190.9 MB to 190.8 MB.
Total: 7.158900 ms (FindLiveObjects: 0.520700 ms CreateObjectMapping: 0.516800 ms MarkObjects: 5.935800 ms  DeleteObjects: 0.184100 ms)

AssetImportParameters requested are different than current active one (requested -> active):
  custom:video-decoder-ogg-theora: a1e56fd34408186e4bbccfd4996cb3dc -> 
  custom:container-muxer-webm: aa71ff27fc2769a1b78a27578f13a17b -> 
  custom:container-demuxer-webm: 4f35f7cbe854078d1ac9338744f61a02 -> 
  custom:video-encoder-webm-vp8: eb34c28f22e8b96e1ab97ce403110664 -> 
  custom:audio-encoder-webm-vorbis: bf7c407c2cedff20999df2af8eb42d56 -> 
  custom:framework-win-MediaFoundation: 216162199b28c13a410421893ffa2e32 -> 
  custom:container-demuxer-ogg: 62fdf1f143b41e24485cea50d1cbac27 -> 
  custom:video-decoder-webm-vp8: 9c59270c3fd7afecdb556c50c9e8de78 -> 
  custom:audio-decoder-ogg-vorbis: bf7c407c2cedff20999df2af8eb42d56 -> 
========================================================================
Received Import Request.
  Time since last request: 2078972.964123 seconds.
  path: Assets/Fonts/Montserrat-LightItalic.ttf
  artifactKey: Guid(dfb01a226ef017d48bf431e48c5d4021) Importer(815301076,1909f56bfc062723c751e8b465ee728b)
Start importing Assets/Fonts/Montserrat-LightItalic.ttf using Guid(dfb01a226ef017d48bf431e48c5d4021) Importer(815301076,1909f56bfc062723c751e8b465ee728b)  -> (artifact id: 'ff953773a37b1654cd8671ebf99ddffa') in 0.348590 seconds 
========================================================================
Received Import Request.
  Time since last request: 0.000049 seconds.
  path: Assets/Fonts/Montserrat-BoldItalic.ttf
  artifactKey: Guid(e9274a122532e734b93b5a7d8a7fa05b) Importer(815301076,1909f56bfc062723c751e8b465ee728b)
Start importing Assets/Fonts/Montserrat-BoldItalic.ttf using Guid(e9274a122532e734b93b5a7d8a7fa05b) Importer(815301076,1909f56bfc062723c751e8b465ee728b)  -> (artifact id: '77a87b0d1e2492b162601a83678865b7') in 0.065152 seconds 
========================================================================
Received Import Request.
  Time since last request: 0.000067 seconds.
  path: Assets/Fonts/Montserrat-VariableFont_wght.ttf
  artifactKey: Guid(33e15248cadbef246994e2a0fb4ef7d8) Importer(815301076,1909f56bfc062723c751e8b465ee728b)
Start importing Assets/Fonts/Montserrat-VariableFont_wght.ttf using Guid(33e15248cadbef246994e2a0fb4ef7d8) Importer(815301076,1909f56bfc062723c751e8b465ee728b)  -> (artifact id: '0623d4013e99e4538f25f23ed4660662') in 0.050396 seconds 
========================================================================
Received Import Request.
  Time since last request: 0.000253 seconds.
  path: Assets/Fonts/Montserrat-Italic-VariableFont_wght.ttf
  artifactKey: Guid(5d458b25de254be44bac621c90178dcf) Importer(815301076,1909f56bfc062723c751e8b465ee728b)
Start importing Assets/Fonts/Montserrat-Italic-VariableFont_wght.ttf using Guid(5d458b25de254be44bac621c90178dcf) Importer(815301076,1909f56bfc062723c751e8b465ee728b)  -> (artifact id: '3b5ec24c3c8da365a824d9147ae93d1f') in 0.049868 seconds 
========================================================================
Received Import Request.
  Time since last request: 0.000036 seconds.
  path: Assets/Fonts/Montserrat-Regular.ttf
  artifactKey: Guid(c3fff6c3865eb464fa4012aa9ca06000) Importer(815301076,1909f56bfc062723c751e8b465ee728b)
Start importing Assets/Fonts/Montserrat-Regular.ttf using Guid(c3fff6c3865eb464fa4012aa9ca06000) Importer(815301076,1909f56bfc062723c751e8b465ee728b)  -> (artifact id: 'a5667b71468740c0b8d0cb7fbf00baea') in 0.032133 seconds 
========================================================================
Received Import Request.
  Time since last request: 0.000035 seconds.
  path: Assets/Fonts/helvetica-light-587ebe5a59211.ttf
  artifactKey: Guid(d89978523348ebf499825b4ae1f809be) Importer(815301076,1909f56bfc062723c751e8b465ee728b)
Start importing Assets/Fonts/helvetica-light-587ebe5a59211.ttf using Guid(d89978523348ebf499825b4ae1f809be) Importer(815301076,1909f56bfc062723c751e8b465ee728b)  -> (artifact id: 'f4ec05e1ab7d20bb09786b82ea69e388') in 0.045472 seconds 
========================================================================
Received Import Request.
  Time since last request: 0.000037 seconds.
  path: Assets/Fonts/Montserrat-Medium.ttf
  artifactKey: Guid(3bfbc196a496fb643b57c236e16f3682) Importer(815301076,1909f56bfc062723c751e8b465ee728b)
Start importing Assets/Fonts/Montserrat-Medium.ttf using Guid(3bfbc196a496fb643b57c236e16f3682) Importer(815301076,1909f56bfc062723c751e8b465ee728b)  -> (artifact id: 'b2897c3a439de6d2dc06019d7d05c45e') in 0.032555 seconds 
========================================================================
Received Import Request.
  Time since last request: 0.000040 seconds.
  path: Assets/Fonts/Helvetica-Oblique.ttf
  artifactKey: Guid(621eb4f0b36c2c74bb33bfe836e8b5f4) Importer(815301076,1909f56bfc062723c751e8b465ee728b)
Start importing Assets/Fonts/Helvetica-Oblique.ttf using Guid(621eb4f0b36c2c74bb33bfe836e8b5f4) Importer(815301076,1909f56bfc062723c751e8b465ee728b)  -> (artifact id: '9f702b2ebc8d3eb93350368970d5fb44') in 0.048044 seconds 
========================================================================
Received Import Request.
  Time since last request: 0.000032 seconds.
  path: Assets/Fonts/Helvetica.ttf
  artifactKey: Guid(3db2d7010a0f1d046b20e95275daabc1) Importer(815301076,1909f56bfc062723c751e8b465ee728b)
Start importing Assets/Fonts/Helvetica.ttf using Guid(3db2d7010a0f1d046b20e95275daabc1) Importer(815301076,1909f56bfc062723c751e8b465ee728b)  -> (artifact id: '0a7e9d23ffdbe6367dc67b1e1e2e5e26') in 0.052906 seconds 
========================================================================
Received Import Request.
  Time since last request: 0.000048 seconds.
  path: Assets/Fonts/Montserrat-ThinItalic.ttf
  artifactKey: Guid(a2c54aad84413804fb15739a4a0392e6) Importer(815301076,1909f56bfc062723c751e8b465ee728b)
Start importing Assets/Fonts/Montserrat-ThinItalic.ttf using Guid(a2c54aad84413804fb15739a4a0392e6) Importer(815301076,1909f56bfc062723c751e8b465ee728b)  -> (artifact id: 'a36a5c31bd3ed660ea073e2bf366c429') in 0.036469 seconds 
========================================================================
Received Import Request.
  Time since last request: 0.000035 seconds.
  path: Assets/Fonts/Montserrat-Italic.ttf
  artifactKey: Guid(3ebd84f989fec8b43bc5ee48efdae84a) Importer(815301076,1909f56bfc062723c751e8b465ee728b)
Start importing Assets/Fonts/Montserrat-Italic.ttf using Guid(3ebd84f989fec8b43bc5ee48efdae84a) Importer(815301076,1909f56bfc062723c751e8b465ee728b)  -> (artifact id: 'b7254b70a44cc71033473e01bc9902e3') in 0.045241 seconds 
========================================================================
Received Import Request.
  Time since last request: 0.000047 seconds.
  path: Assets/Fonts/Montserrat-Light.ttf
  artifactKey: Guid(158df57347a9ccb4d8c068161b0fdc84) Importer(815301076,1909f56bfc062723c751e8b465ee728b)
Start importing Assets/Fonts/Montserrat-Light.ttf using Guid(158df57347a9ccb4d8c068161b0fdc84) Importer(815301076,1909f56bfc062723c751e8b465ee728b)  -> (artifact id: '685e3c0f6c46e2b4dc16fe03fcfa1be1') in 0.034619 seconds 
========================================================================
Received Import Request.
  Time since last request: 0.000048 seconds.
  path: Assets/Fonts/Montserrat-ExtraLight.ttf
  artifactKey: Guid(77336e8d2681dba47bb0ea0470f70066) Importer(815301076,1909f56bfc062723c751e8b465ee728b)
Start importing Assets/Fonts/Montserrat-ExtraLight.ttf using Guid(77336e8d2681dba47bb0ea0470f70066) Importer(815301076,1909f56bfc062723c751e8b465ee728b)  -> (artifact id: '995898a668d546c5ec81aa89ce7d9e12') in 0.036209 seconds 
========================================================================
Received Import Request.
  Time since last request: 0.000029 seconds.
  path: Assets/Fonts/Helvetica-Bold.ttf
  artifactKey: Guid(04fd74355d89a7c429f792a024992908) Importer(815301076,1909f56bfc062723c751e8b465ee728b)
Start importing Assets/Fonts/Helvetica-Bold.ttf using Guid(04fd74355d89a7c429f792a024992908) Importer(815301076,1909f56bfc062723c751e8b465ee728b)  -> (artifact id: '5b2a04204f2033d352db134fcf467dd3') in 0.046948 seconds 
